#
# There is insufficient memory for the Java Runtime Environment to continue.
# Native memory allocation (mmap) failed to map 268435456 bytes for Failed to commit area from 0x0000000701c00000 to 0x0000000711c00000 of length 268435456.
# Possible reasons:
#   The system is out of physical RAM or swap space
#   The process is running with CompressedOops enabled, and the Java Heap may be blocking the growth of the native heap
# Possible solutions:
#   Reduce memory load on the system
#   Increase physical memory or swap space
#   Check if swap backing store is full
#   Decrease Java heap size (-Xmx/-Xms)
#   Decrease number of Java threads
#   Decrease Java thread stack sizes (-Xss)
#   Set larger code cache with -XX:ReservedCodeCacheSize=
# This output file may be truncated or incomplete.
#
#  Out of Memory Error (./src/hotspot/os/windows/os_windows.cpp:3619), pid=796, tid=396
#
# JRE version:  (11.0.13+7) (build )
# Java VM: OpenJDK 64-Bit Server VM (11.0.13+7-b1751.21, mixed mode, sharing, tiered, compressed oops, g1 gc, windows-amd64)
# No core dump will be written. Minidumps are not enabled by default on client versions of Windows
#

---------------  S U M M A R Y ------------

Command Line: git4idea.http.GitAskPassApp Username for 'https://github.com': 

Host: Intel(R) Core(TM) i7-3630QM CPU @ 2.40GHz, 8 cores, 15G,  Windows 10 , 64 bit Build 19041 (10.0.19041.1741)
Time: Sun Jun 26 12:12:51 2022 Œrodkowoeuropejski czas letni elapsed time: 0.017693 seconds (0d 0h 0m 0s)

---------------  T H R E A D  ---------------

Current thread (0x000001cfcebcd000):  JavaThread "Unknown thread" [_thread_in_vm, id=396, stack(0x0000008634600000,0x0000008634700000)]

Stack: [0x0000008634600000,0x0000008634700000]
Native frames: (J=compiled Java code, j=interpreted, Vv=VM code, C=native code)
V  [jvm.dll+0x613daa]
V  [jvm.dll+0x799b30]
V  [jvm.dll+0x79b14d]
V  [jvm.dll+0x79b823]
V  [jvm.dll+0x24c958]
V  [jvm.dll+0x610e24]
V  [jvm.dll+0x605b25]
V  [jvm.dll+0x30aaab]
V  [jvm.dll+0x30aa1a]
V  [jvm.dll+0x30a8f2]
V  [jvm.dll+0x30f856]
V  [jvm.dll+0x359143]
V  [jvm.dll+0x359846]
V  [jvm.dll+0x359243]
V  [jvm.dll+0x2e57a8]
V  [jvm.dll+0x2e6947]
V  [jvm.dll+0x776d47]
V  [jvm.dll+0x77853c]
V  [jvm.dll+0x3666c9]
V  [jvm.dll+0x75a9ce]
V  [jvm.dll+0x3d47d3]
V  [jvm.dll+0x3d6d21]
C  [jli.dll+0x536b]
C  [ucrtbase.dll+0x21bb2]
C  [KERNEL32.DLL+0x17034]
C  [ntdll.dll+0x52651]


---------------  P R O C E S S  ---------------

Threads class SMR info:
_java_thread_list=0x000001cfcc9b2880, length=0, elements={
}

Java Threads: ( => current thread )

Other Threads:
  0x000001cfcebe6000 GCTaskThread "GC Thread#0" [stack: 0x0000008634700000,0x0000008634800000] [id=17032]
  0x000001cfcec45000 ConcurrentGCThread "G1 Main Marker" [stack: 0x0000008634800000,0x0000008634900000] [id=12008]
  0x000001cfcec46800 ConcurrentGCThread "G1 Conc#0" [stack: 0x0000008634900000,0x0000008634a00000] [id=12700]

[error occurred during error reporting (printing all threads), id 0xc0000005, EXCEPTION_ACCESS_VIOLATION (0xc0000005) at pc=0x00007ff8f1a55c97]

VM state:not at safepoint (not fully initialized)

VM Mutex/Monitor currently owned by a thread:  ([mutex/lock_event])
[0x000001cfcebc90a0] Heap_lock - owner thread: 0x000001cfcebcd000

Heap address: 0x0000000701c00000, size: 4068 MB, Compressed Oops mode: Non-zero based: 0x0000000701c00000
Narrow klass base: 0x0000000000000000, Narrow klass shift: 0

GC Heap History (0 events):
No events

Deoptimization events (0 events):
No events

Classes redefined (0 events):
No events

Internal exceptions (0 events):
No events

Events (1 events):
Event: 0.009 Loaded shared library D:\Program Files\JetBrains\PyCharm Community Edition 2021.3.1\jbr\bin\zip.dll


Dynamic libraries:
0x00007ff7fffe0000 - 0x00007ff7fffea000 	D:\Program Files\JetBrains\PyCharm Community Edition 2021.3.1\jbr\bin\java.exe
0x00007ff932770000 - 0x00007ff932967000 	C:\WINDOWS\SYSTEM32\ntdll.dll
0x00007ff930c60000 - 0x00007ff930d1d000 	C:\WINDOWS\System32\KERNEL32.DLL
0x00007ff930500000 - 0x00007ff9307cd000 	C:\WINDOWS\System32\KERNELBASE.dll
0x00007ff9301b0000 - 0x00007ff9302b0000 	C:\WINDOWS\System32\ucrtbase.dll
0x00007ff91d620000 - 0x00007ff91d639000 	D:\Program Files\JetBrains\PyCharm Community Edition 2021.3.1\jbr\bin\jli.dll
0x00007ff91c8d0000 - 0x00007ff91c8e7000 	D:\Program Files\JetBrains\PyCharm Community Edition 2021.3.1\jbr\bin\VCRUNTIME140.dll
0x00007ff932590000 - 0x00007ff932730000 	C:\WINDOWS\System32\USER32.dll
0x00007ff930100000 - 0x00007ff930122000 	C:\WINDOWS\System32\win32u.dll
0x00007ff931200000 - 0x00007ff93122a000 	C:\WINDOWS\System32\GDI32.dll
0x00007ff91fda0000 - 0x00007ff92003a000 	C:\WINDOWS\WinSxS\amd64_microsoft.windows.common-controls_6595b64144ccf1df_6.0.19041.1110_none_60b5254171f9507e\COMCTL32.dll
0x00007ff9302b0000 - 0x00007ff9303bb000 	C:\WINDOWS\System32\gdi32full.dll
0x00007ff9309e0000 - 0x00007ff930a7e000 	C:\WINDOWS\System32\msvcrt.dll
0x00007ff92fff0000 - 0x00007ff93008d000 	C:\WINDOWS\System32\msvcp_win.dll
0x00007ff930d20000 - 0x00007ff930d50000 	C:\WINDOWS\System32\IMM32.DLL
0x00007ff8fbdc0000 - 0x00007ff8fbe5d000 	D:\Program Files\JetBrains\PyCharm Community Edition 2021.3.1\jbr\bin\msvcp140.dll
0x00007ff8f1760000 - 0x00007ff8f22d6000 	D:\Program Files\JetBrains\PyCharm Community Edition 2021.3.1\jbr\bin\server\jvm.dll
0x00007ff932470000 - 0x00007ff93251e000 	C:\WINDOWS\System32\ADVAPI32.dll
0x00007ff930a80000 - 0x00007ff930b1c000 	C:\WINDOWS\System32\sechost.dll
0x00007ff932320000 - 0x00007ff932445000 	C:\WINDOWS\System32\RPCRT4.dll
0x00007ff932580000 - 0x00007ff932588000 	C:\WINDOWS\System32\PSAPI.DLL
0x00007ff9183a0000 - 0x00007ff9183a9000 	C:\WINDOWS\SYSTEM32\WSOCK32.dll
0x00007ff924490000 - 0x00007ff9244b7000 	C:\WINDOWS\SYSTEM32\WINMM.dll
0x00007ff925b90000 - 0x00007ff925b9a000 	C:\WINDOWS\SYSTEM32\VERSION.dll
0x00007ff931190000 - 0x00007ff9311fb000 	C:\WINDOWS\System32\WS2_32.dll
0x00007ff92e770000 - 0x00007ff92e782000 	C:\WINDOWS\SYSTEM32\kernel.appcore.dll
0x00007ff92b9a0000 - 0x00007ff92b9b1000 	D:\Program Files\JetBrains\PyCharm Community Edition 2021.3.1\jbr\bin\verify.dll
0x00007ff92e500000 - 0x00007ff92e6e4000 	C:\WINDOWS\SYSTEM32\DBGHELP.DLL
0x00007ff9299f0000 - 0x00007ff929a1c000 	C:\WINDOWS\SYSTEM32\dbgcore.DLL
0x00007ff930470000 - 0x00007ff9304f2000 	C:\WINDOWS\System32\bcryptPrimitives.dll
0x00007ff92b4a0000 - 0x00007ff92b4c9000 	D:\Program Files\JetBrains\PyCharm Community Edition 2021.3.1\jbr\bin\java.dll
0x00007ff92b490000 - 0x00007ff92b49b000 	D:\Program Files\JetBrains\PyCharm Community Edition 2021.3.1\jbr\bin\jimage.dll
0x00007ff92a220000 - 0x00007ff92a238000 	D:\Program Files\JetBrains\PyCharm Community Edition 2021.3.1\jbr\bin\zip.dll

dbghelp: loaded successfully - version: 4.0.5 - missing functions: none
symbol engine: initialized successfully - sym options: 0x614 - pdb path: .;D:\Program Files\JetBrains\PyCharm Community Edition 2021.3.1\jbr\bin;C:\WINDOWS\SYSTEM32;C:\WINDOWS\WinSxS\amd64_microsoft.windows.common-controls_6595b64144ccf1df_6.0.19041.1110_none_60b5254171f9507e;D:\Program Files\JetBrains\PyCharm Community Edition 2021.3.1\jbr\bin\server

VM Arguments:
java_command: git4idea.http.GitAskPassApp Username for 'https://github.com': 
java_class_path (initial): D:/Program Files/JetBrains/PyCharm Community Edition 2021.3.1/plugins/git4idea/lib/git4idea-rt.jar;D:/Program Files/JetBrains/PyCharm Community Edition 2021.3.1/lib/3rd-party.jar;D:/Program Files/JetBrains/PyCharm Community Edition 2021.3.1/lib/3rd-party-rt.jar
Launcher Type: SUN_STANDARD

[Global flags]
     intx CICompilerCount                          = 4                                         {product} {ergonomic}
     uint ConcGCThreads                            = 2                                         {product} {ergonomic}
     uint G1ConcRefinementThreads                  = 8                                         {product} {ergonomic}
   size_t G1HeapRegionSize                         = 1048576                                   {product} {ergonomic}
    uintx GCDrainStackTargetSize                   = 64                                        {product} {ergonomic}
   size_t InitialHeapSize                          = 268435456                                 {product} {ergonomic}
   size_t MarkStackSize                            = 4194304                                   {product} {ergonomic}
   size_t MaxHeapSize                              = 4265607168                                {product} {ergonomic}
   size_t MinHeapDeltaBytes                        = 1048576                                   {product} {ergonomic}
    uintx NonNMethodCodeHeapSize                   = 5836300                                {pd product} {ergonomic}
    uintx NonProfiledCodeHeapSize                  = 122910970                              {pd product} {ergonomic}
    uintx ProfiledCodeHeapSize                     = 122910970                              {pd product} {ergonomic}
    uintx ReservedCodeCacheSize                    = 251658240                              {pd product} {ergonomic}
     bool SegmentedCodeCache                       = true                                      {product} {ergonomic}
     bool UseCompressedClassPointers               = true                                 {lp64_product} {ergonomic}
     bool UseCompressedOops                        = true                                 {lp64_product} {ergonomic}
     bool UseG1GC                                  = true                                      {product} {ergonomic}
     bool UseLargePagesIndividualAllocation        = false                                  {pd product} {ergonomic}

Logging:
Log output configuration:
 #0: stdout all=warning uptime,level,tags
 #1: stderr all=off uptime,level,tags

Environment Variables:
PATH=C:\Program Files\Git\mingw64\libexec\git-core;C:\Program Files\Git\mingw64\libexec\git-core;C:\Program Files\Git\mingw64\bin;C:\Program Files\Git\usr\bin;C:\Users\Cabbage\bin;D:\SDA_PYTHON\tennis_courts_reservations_project\tennis_courts\venv\Scripts;C:\WINDOWS\system32;C:\WINDOWS;C:\WINDOWS\System32\Wbem;C:\WINDOWS\System32\WindowsPowerShell\v1.0;C:\WINDOWS\System32\OpenSSH;C:\Program Files (x86)\NVIDIA Corporation\PhysX\Common;C:\Program Files\NVIDIA Corporation\NVIDIA NvDLISR;C:\Program Files\Calibre2;C:\Program Files\Git\cmd;C:\Users\Cabbage\AppData\Roaming\Python\Python310\site-packages;C:\Program Files\MySQL\MySQL Shell 8.0\bin;D:\Program Files\Phyton\Scripts;D:\Program Files\Phyton;C:\Users\Cabbage\AppData\Local\Microsoft\WindowsApps;D:\Program Files\JetBrains\PyCharm Community Edition 2021.2.2\bin;D:\Program Files\Microsoft VS Code\bin
USERNAME=Cabbage
DISPLAY=:0.0
LC_ALL=en_US.UTF-8
OS=Windows_NT
PROCESSOR_IDENTIFIER=Intel64 Family 6 Model 58 Stepping 9, GenuineIntel



---------------  S Y S T E M  ---------------

OS: Windows 10 , 64 bit Build 19041 (10.0.19041.1741)
OS uptime: 8 days 12:13 hours

CPU:total 8 (initial active 8) (4 cores per cpu, 2 threads per core) family 6 model 58 stepping 9 microcode 0x21, cmov, cx8, fxsr, mmx, sse, sse2, sse3, ssse3, sse4.1, sse4.2, popcnt, avx, aes, clmul, erms, ht, tsc, tscinvbit, tscinv

Memory: 4k page, system-wide physical 16271M (5241M free)
TotalPageFile size 17771M (AvailPageFile size 221M)
current process WorkingSet (physical memory assigned to process): 10M, peak: 10M
current process commit charge ("private bytes"): 60M, peak: 316M

vm_info: OpenJDK 64-Bit Server VM (11.0.13+7-b1751.21) for windows-amd64 JRE (11.0.13+7-b1751.21), built on Nov 30 2021 02:32:50 by "" with MS VC++ 14.0 (VS2015)

END.
